16:21:08 **** Incremental Build of configuration Nios II for project hello_world ****
make all 
Info: Building ../hello_world_bsp/
D:/Imperial_College/DSD/intelFPGA_lite/18.1/nios2eds/bin/gnu/H-x86_64-mingw32/bin/make --no-print-directory -C ../hello_world_bsp/
[BSP build complete]
Info: Compiling hello_world.c to obj/default/hello_world.o
nios2-elf-gcc -xc -MP -MMD -c -I../hello_world_bsp//HAL/inc -I../hello_world_bsp/ -I../hello_world_bsp//drivers/inc  -pipe -D__hal__ -DALT_NO_INSTRUCTION_EMULATION -DALT_SINGLE_THREADED    -O0 -g -Wall   -mno-hw-div -mno-hw-mul -mno-hw-mulx -mgpopt=global  -o obj/default/hello_world.o hello_world.c
hello_world.c: In function 'main':
hello_world.c:55:8: warning: unused variable 'buf' [-Wunused-variable]
   char buf[50];
        ^
Info: Linking hello_world.elf
nios2-elf-g++  -T'../hello_world_bsp//linker.x' -msys-crt0='../hello_world_bsp//obj/HAL/src/crt0.o' -msys-lib=hal_bsp -L../hello_world_bsp/   -Wl,-Map=hello_world.map   -O0 -g -Wall   -mno-hw-div -mno-hw-mul -mno-hw-mulx -mgpopt=global  -o hello_world.elf obj/default/hello_world.o -lm -msys-lib=m
nios2-elf-insert hello_world.elf --thread_model hal --cpu_name cpu --qsys true --simulation_enabled false --id 0 --sidp 0x1001030 --timestamp 1707778068 --stderr_dev jtag_uart --stdin_dev jtag_uart --stdout_dev jtag_uart --sopc_system_name system --quartus_project_dir "D:/Imperial_College/DSD/DSD/DE1-SoC_sdram" --jdi D:/Imperial_College/DSD/DSD/DE1-SoC_sdram/software/hello_world_bsp/../../hello_world.jdi --sopcinfo D:/Imperial_College/DSD/DSD/DE1-SoC_sdram/software/hello_world_bsp/../../system.sopcinfo
Info: (hello_world.elf) 74 KBytes program size (code + initialized data).
Info:                   8110 KBytes free for stack + heap.
Info: Creating hello_world.objdump
nios2-elf-objdump --disassemble --syms --all-header --source hello_world.elf >hello_world.objdump
[hello_world build complete]

16:21:10 Build Finished (took 1s.870ms)

